<?xml version="1.0" encoding="UTF-8"?>
<testng-results ignored="0" total="1" passed="1" failed="0" skipped="0">
  <reporter-output>
  </reporter-output>
  <suite started-at="2020-09-14T19:22:59 EDT" name="Default suite" finished-at="2020-09-14T19:23:10 EDT" duration-ms="11903">
    <groups>
    </groups>
    <test started-at="2020-09-14T19:22:59 EDT" name="Default test" finished-at="2020-09-14T19:23:10 EDT" duration-ms="11903">
      <class name="testNG.TEST">
        <test-method signature="register()[pri:0, instance:testNG.TEST@30b7c004]" started-at="2020-09-14T19:22:59 EDT" name="register" finished-at="2020-09-14T19:23:10 EDT" duration-ms="11876" status="PASS">
          <reporter-output>
          </reporter-output>
        </test-method> <!-- register -->
      </class> <!-- testNG.TEST -->
    </test> <!-- Default test -->
  </suite> <!-- Default suite -->
</testng-results>
